app/build/outputs/logs/manifest-merger-debug-report.txt
-- Merging decision tree log ---
manifest
ADDED from src\main\AndroidManifest.xml:16:1-40:12
INJECTED from src\main\AndroidManifest.xml:16:1-40:12
INJECTED from src\main\AndroidManifest.xml:16:1-40:12
INJECTED from src\main\AndroidManifest.xml:16:1-40:12
MERGED from [com.jakewharton:butterknife:8.8.1] AndroidManifest.xml:2:1-7:12
MERGED from [com.android.support:appcompat-v7:25.3.0] AndroidManifest.xml:17:1-31:12
MERGED from [com.android.support:multidex:1.0.2] AndroidManifest.xml:17:1-22:12
MERGED from [com.android.support:support-v4:25.3.0] AndroidManifest.xml:17:1-31:12
MERGED from [com.android.support:animated-vector-drawable:25.3.0] AndroidManifest.xml:17:1-28:12
MERGED from [com.android.support:support-vector-drawable:25.3.0] AndroidManifest.xml:17:1-28:12
MERGED from [com.android.support:support-fragment:25.3.0] AndroidManifest.xml:17:1-31:12
MERGED from [com.android.support:support-media-compat:25.3.0] AndroidManifest.xml:17:1-31:12
MERGED from [com.android.support:support-core-utils:25.3.0] AndroidManifest.xml:17:1-31:12
MERGED from [com.android.support:support-core-ui:25.3.0] AndroidManifest.xml:17:1-31:12
MERGED from [com.android.support:support-compat:25.3.0] AndroidManifest.xml:17:1-31:12
INJECTED from src\main\AndroidManifest.xml:16:1-40:12
INJECTED from src\main\AndroidManifest.xml:16:1-40:12
INJECTED from src\main\AndroidManifest.xml:16:1-40:12
	package
		ADDED from src\main\AndroidManifest.xml:17:7-50
		INJECTED from src\main\AndroidManifest.xml
		INJECTED from src\main\AndroidManifest.xml
	android:versionName
		INJECTED from src\main\AndroidManifest.xml
		ADDED from src\main\AndroidManifest.xml:16:1-40:12
		INJECTED from src\main\AndroidManifest.xml
	android:versionCode
		INJECTED from src\main\AndroidManifest.xml
		ADDED from src\main\AndroidManifest.xml:16:1-40:12
		INJECTED from src\main\AndroidManifest.xml
	xmlns:android
		ADDED from src\main\AndroidManifest.xml:16:11-69
uses-permission#android.permission.BLUETOOTH_ADMIN
ADDED from src\main\AndroidManifest.xml:19:5-74
	android:name
		ADDED from src\main\AndroidManifest.xml:19:22-71
uses-permission#android.permission.BLUETOOTH
ADDED from src\main\AndroidManifest.xml:20:5-68
	android:name
		ADDED from src\main\AndroidManifest.xml:20:22-65
uses-permission#android.permission.ACCESS_FINE_LOCATION
ADDED from src\main\AndroidManifest.xml:22:5-79
	android:name
		ADDED from src\main\AndroidManifest.xml:22:22-76
application
ADDED from src\main\AndroidManifest.xml:24:5-39:19
MERGED from [com.android.support:appcompat-v7:25.3.0] AndroidManifest.xml:29:5-20
MERGED from [com.android.support:appcompat-v7:25.3.0] AndroidManifest.xml:29:5-20
MERGED from [com.android.support:support-v4:25.3.0] AndroidManifest.xml:29:5-20
MERGED from [com.android.support:support-v4:25.3.0] AndroidManifest.xml:29:5-20
MERGED from [com.android.support:animated-vector-drawable:25.3.0] AndroidManifest.xml:26:5-20
MERGED from [com.android.support:animated-vector-drawable:25.3.0] AndroidManifest.xml:26:5-20
MERGED from [com.android.support:support-vector-drawable:25.3.0] AndroidManifest.xml:26:5-20
MERGED from [com.android.support:support-vector-drawable:25.3.0] AndroidManifest.xml:26:5-20
MERGED from [com.android.support:support-fragment:25.3.0] AndroidManifest.xml:29:5-20
MERGED from [com.android.support:support-fragment:25.3.0] AndroidManifest.xml:29:5-20
MERGED from [com.android.support:support-media-compat:25.3.0] AndroidManifest.xml:29:5-20
MERGED from [com.android.support:support-media-compat:25.3.0] AndroidManifest.xml:29:5-20
MERGED from [com.android.support:support-core-utils:25.3.0] AndroidManifest.xml:29:5-20
MERGED from [com.android.support:support-core-utils:25.3.0] AndroidManifest.xml:29:5-20
MERGED from [com.android.support:support-core-ui:25.3.0] AndroidManifest.xml:29:5-20
MERGED from [com.android.support:support-core-ui:25.3.0] AndroidManifest.xml:29:5-20
MERGED from [com.android.support:support-compat:25.3.0] AndroidManifest.xml:29:5-20
MERGED from [com.android.support:support-compat:25.3.0] AndroidManifest.xml:29:5-20
	android:label
		ADDED from src\main\AndroidManifest.xml:24:18-50
	android:icon
		ADDED from src\main\AndroidManifest.xml:25:18-51
	android:theme
		ADDED from src\main\AndroidManifest.xml:26:9-40
activity#com.example.android.BluetoothChat.BluetoothChat
ADDED from src\main\AndroidManifest.xml:27:9-34:20
	android:screenOrientation
		ADDED from src\main\AndroidManifest.xml:29:19-55
	android:label
		ADDED from src\main\AndroidManifest.xml:28:19-51
	android:name
		ADDED from src\main\AndroidManifest.xml:27:19-48
intent-filter#android.intent.action.MAIN+android.intent.category.LAUNCHER
ADDED from src\main\AndroidManifest.xml:30:13-33:29
action#android.intent.action.MAIN
ADDED from src\main\AndroidManifest.xml:31:17-69
	android:name
		ADDED from src\main\AndroidManifest.xml:31:25-66
category#android.intent.category.LAUNCHER
ADDED from src\main\AndroidManifest.xml:32:17-77
	android:name
		ADDED from src\main\AndroidManifest.xml:32:27-74
activity#com.example.android.BluetoothChat.DeviceListActivity
ADDED from src\main\AndroidManifest.xml:35:9-38:72
	android:label
		ADDED from src\main\AndroidManifest.xml:36:19-56
	android:configChanges
		ADDED from src\main\AndroidManifest.xml:38:19-69
	android:theme
		ADDED from src\main\AndroidManifest.xml:37:19-83
	android:name
		ADDED from src\main\AndroidManifest.xml:35:19-53
uses-sdk
INJECTED from src\main\AndroidManifest.xml reason: use-sdk injection requested
INJECTED from src\main\AndroidManifest.xml
INJECTED from src\main\AndroidManifest.xml
MERGED from [com.jakewharton:butterknife:8.8.1] AndroidManifest.xml:5:5-43
MERGED from [com.jakewharton:butterknife:8.8.1] AndroidManifest.xml:5:5-43
MERGED from [com.android.support:appcompat-v7:25.3.0] AndroidManifest.xml:21:5-23:78
MERGED from [com.android.support:appcompat-v7:25.3.0] AndroidManifest.xml:21:5-23:78
MERGED from [com.android.support:multidex:1.0.2] AndroidManifest.xml:20:5-43
MERGED from [com.android.support:multidex:1.0.2] AndroidManifest.xml:20:5-43
MERGED from [com.android.support:support-v4:25.3.0] AndroidManifest.xml:21:5-23:54
MERGED from [com.android.support:support-v4:25.3.0] AndroidManifest.xml:21:5-23:54
MERGED from [com.android.support:animated-vector-drawable:25.3.0] AndroidManifest.xml:20:5-44
MERGED from [com.android.support:animated-vector-drawable:25.3.0] AndroidManifest.xml:20:5-44
MERGED from [com.android.support:support-vector-drawable:25.3.0] AndroidManifest.xml:20:5-43
MERGED from [com.android.support:support-vector-drawable:25.3.0] AndroidManifest.xml:20:5-43
MERGED from [com.android.support:support-fragment:25.3.0] AndroidManifest.xml:21:5-23:60
MERGED from [com.android.support:support-fragment:25.3.0] AndroidManifest.xml:21:5-23:60
MERGED from [com.android.support:support-media-compat:25.3.0] AndroidManifest.xml:21:5-23:63
MERGED from [com.android.support:support-media-compat:25.3.0] AndroidManifest.xml:21:5-23:63
MERGED from [com.android.support:support-core-utils:25.3.0] AndroidManifest.xml:21:5-23:61
MERGED from [com.android.support:support-core-utils:25.3.0] AndroidManifest.xml:21:5-23:61
MERGED from [com.android.support:support-core-ui:25.3.0] AndroidManifest.xml:21:5-23:58
MERGED from [com.android.support:support-core-ui:25.3.0] AndroidManifest.xml:21:5-23:58
MERGED from [com.android.support:support-compat:25.3.0] AndroidManifest.xml:21:5-23:58
MERGED from [com.android.support:support-compat:25.3.0] AndroidManifest.xml:21:5-23:58
INJECTED from src\main\AndroidManifest.xml
INJECTED from src\main\AndroidManifest.xml
	tools:overrideLibrary
		ADDED from [com.android.support:appcompat-v7:25.3.0] AndroidManifest.xml:23:9-75
	android:targetSdkVersion
		INJECTED from src\main\AndroidManifest.xml
		ADDED from src\main\AndroidManifest.xml
		INJECTED from src\main\AndroidManifest.xml
	android:minSdkVersion
		INJECTED from src\main\AndroidManifest.xml
		ADDED from src\main\AndroidManifest.xml
		INJECTED from src\main\AndroidManifest.xml
meta-data#android.support.VERSION
ADDED from [com.android.support:appcompat-v7:25.3.0] AndroidManifest.xml:25:5-27:34
MERGED from [com.android.support:support-v4:25.3.0] AndroidManifest.xml:25:5-27:34
MERGED from [com.android.support:support-v4:25.3.0] AndroidManifest.xml:25:5-27:34
MERGED from [com.android.support:animated-vector-drawable:25.3.0] AndroidManifest.xml:22:5-24:34
MERGED from [com.android.support:animated-vector-drawable:25.3.0] AndroidManifest.xml:22:5-24:34
MERGED from [com.android.support:support-vector-drawable:25.3.0] AndroidManifest.xml:22:5-24:34
MERGED from [com.android.support:support-vector-drawable:25.3.0] AndroidManifest.xml:22:5-24:34
MERGED from [com.android.support:support-fragment:25.3.0] AndroidManifest.xml:25:5-27:34
MERGED from [com.android.support:support-fragment:25.3.0] AndroidManifest.xml:25:5-27:34
MERGED from [com.android.support:support-media-compat:25.3.0] AndroidManifest.xml:25:5-27:34
MERGED from [com.android.support:support-media-compat:25.3.0] AndroidManifest.xml:25:5-27:34
MERGED from [com.android.support:support-core-utils:25.3.0] AndroidManifest.xml:25:5-27:34
MERGED from [com.android.support:support-core-utils:25.3.0] AndroidManifest.xml:25:5-27:34
MERGED from [com.android.support:support-core-ui:25.3.0] AndroidManifest.xml:25:5-27:34
MERGED from [com.android.support:support-core-ui:25.3.0] AndroidManifest.xml:25:5-27:34
MERGED from [com.android.support:support-compat:25.3.0] AndroidManifest.xml:25:5-27:34
MERGED from [com.android.support:support-compat:25.3.0] AndroidManifest.xml:25:5-27:34
	android:value
		ADDED from [com.android.support:appcompat-v7:25.3.0] AndroidManifest.xml:27:9-31
	android:name
		ADDED from [com.android.support:appcompat-v7:25.3.0] AndroidManifest.xml:26:9-47